<?xml version="1.0" encoding="UTF-8"?>
<!-- Generated by org.testng.reporters.JUnitReportReporter -->
<testsuite hostname="vinods-hp" failures="0" tests="1" name="Scripts.RegisterUser" time="19.164" errors="0" timestamp="2024-05-08T13:48:24 IST" skipped="0">
  <testcase classname="Scripts.RegisterUser" name="userRegistration" time="19.164"/>
</testsuite> <!-- Scripts.RegisterUser -->
