<?xml version="1.0" encoding="UTF-8"?>
<!-- Generated by org.testng.reporters.JUnitReportReporter -->
<testsuite hostname="vinods-hp" failures="0" tests="1" name="Scripts.RegisterUser" time="28.012" errors="0" timestamp="2024-05-07T22:19:55 IST" skipped="0">
  <testcase classname="Scripts.RegisterUser" name="userRegistration" time="28.012"/>
</testsuite> <!-- Scripts.RegisterUser -->
